<?xml version="1.0" encoding="UTF-8"?>
<!-- Generated by org.testng.reporters.JUnitXMLReporter -->
<testsuite ignored="0" hostname="LAPTOP-BJSMP7Q6" failures="0" tests="13" name="Test" time="38.331" errors="0" timestamp="2023-03-30T18:59:12 IST">
  <testcase classname="testngproject.LoginPageTest" name="loginWithBlankCredentials" time="1.296"/>
  <testcase classname="testngproject.LoginPageTest" name="loginWithInvalidPassword" time="0.988"/>
  <testcase classname="testngproject.LoginPageTest" name="loginWithInvalidUsername" time="1.022"/>
  <testcase classname="testngproject.LoginPageTest" name="loginWithValidCredentials" time="2.357"/>
  <testcase classname="testngproject.LoginPageTest" name="verifyTextOnLoginPage" time="0.704"/>
  <testcase classname="testngproject.HomePageTest" name="verifyHomePageFooterUI" time="0.196"/>
  <testcase classname="testngproject.HomePageTest" name="verifyHomePageUI" time="0.196"/>
  <testcase classname="testngproject.HomePageTest" name="verifyMakeAppointmentButtonWithLogin" time="2.096"/>
  <testcase classname="testngproject.HomePageTest" name="verifyMakeAppointmentButtonWithoutLogin" time="0.774"/>
  <testcase classname="testngproject.MakeAppointmentPageTest" name="verifyAppoinmentBookingUI" time="2.247"/>
  <testcase classname="testngproject.MakeAppointmentPageTest" name="verifyAppoinmentBookingWithLogin" time="2.729"/>
  <testcase classname="testngproject.MakeAppointmentPageTest" name="verifyAppoinmentBookingWithoutLogin" time="2.724"/>
  <testcase classname="testngproject.EndToEndTest" name="verifyEndToEndFlow" time="3.946"/>
</testsuite> <!-- Test -->
