<?xml version="1.0" encoding="UTF-8"?>
<!-- Generated by org.testng.reporters.JUnitXMLReporter -->
<testsuite ignored="0" hostname="LAPTOP-BJSMP7Q6" failures="0" tests="5" name="Default test" time="10.65" errors="0" timestamp="2023-03-30T18:46:47 IST">
  <testcase classname="testngproject.LoginPageTest" name="loginWithBlankCredentials" time="1.253"/>
  <testcase classname="testngproject.LoginPageTest" name="loginWithInvalidPassword" time="1.013"/>
  <testcase classname="testngproject.LoginPageTest" name="loginWithInvalidUsername" time="0.978"/>
  <testcase classname="testngproject.LoginPageTest" name="loginWithValidCredentials" time="2.457"/>
  <testcase classname="testngproject.LoginPageTest" name="verifyTextOnLoginPage" time="0.672"/>
</testsuite> <!-- Default test -->
